<?xml version="1.0" encoding="UTF-8"?>
<!-- Generated by org.testng.reporters.JUnitReportReporter -->
<testsuite hostname="DESKTOP-C7EM39M" failures="0" tests="1" name="demo1.Demo111" time="0.037" errors="0" timestamp="2023-04-12T12:06:36 IST" skipped="0">
  <testcase classname="demo1.Demo111" name="demo" time="0.037"/>
  <system-out/>
</testsuite> <!-- demo1.Demo111 -->
