<?xml version="1.0" encoding="UTF-8"?>
<!-- Generated by org.testng.reporters.JUnitReportReporter -->
<testsuite hostname="DESKTOP-C7EM39M" failures="0" tests="1" name="demogithup.Demo" time="0.038" errors="0" timestamp="2023-04-12T10:56:15 IST" skipped="0">
  <testcase classname="demogithup.Demo" name="demo" time="0.038"/>
  <system-out/>
</testsuite> <!-- demogithup.Demo -->
